{"/Users/joshuaoxner/JOxner-Related-Artists/src/database/schema.js": {"path":"/Users/joshuaoxner/JOxner-Related-Artists/src/database/schema.js","statementMap":{"0":{"start":{"line":1,"column":17},"end":{"line":1,"column":36}},"1":{"start":{"line":2,"column":14},"end":{"line":2,"column":35}},"2":{"start":{"line":3,"column":0},"end":{"line":3,"column":39}},"3":{"start":{"line":6,"column":19},"end":{"line":6,"column":27}},"4":{"start":{"line":7,"column":17},"end":{"line":7,"column":53}},"5":{"start":{"line":9,"column":11},"end":{"line":9,"column":63}},"6":{"start":{"line":13,"column":21},"end":{"line":19,"column":2}},"7":{"start":{"line":21,"column":15},"end":{"line":21,"column":53}},"8":{"start":{"line":23,"column":19},"end":{"line":28,"column":1}},"9":{"start":{"line":24,"column":21},"end":{"line":24,"column":24}},"10":{"start":{"line":25,"column":22},"end":{"line":25,"column":25}},"11":{"start":{"line":26,"column":23},"end":{"line":26,"column":30}},"12":{"start":{"line":27,"column":2},"end":{"line":27,"column":134}},"13":{"start":{"line":27,"column":120},"end":{"line":27,"column":132}},"14":{"start":{"line":30,"column":16},"end":{"line":40,"column":1}},"15":{"start":{"line":31,"column":2},"end":{"line":39,"column":5}},"16":{"start":{"line":32,"column":4},"end":{"line":38,"column":7}},"17":{"start":{"line":33,"column":6},"end":{"line":37,"column":7}},"18":{"start":{"line":34,"column":8},"end":{"line":34,"column":20}},"19":{"start":{"line":36,"column":8},"end":{"line":36,"column":22}},"20":{"start":{"line":42,"column":18},"end":{"line":53,"column":1}},"21":{"start":{"line":43,"column":2},"end":{"line":52,"column":5}},"22":{"start":{"line":44,"column":18},"end":{"line":44,"column":43}},"23":{"start":{"line":45,"column":4},"end":{"line":51,"column":7}},"24":{"start":{"line":46,"column":6},"end":{"line":50,"column":7}},"25":{"start":{"line":47,"column":8},"end":{"line":47,"column":20}},"26":{"start":{"line":49,"column":8},"end":{"line":49,"column":22}},"27":{"start":{"line":56,"column":0},"end":{"line":58,"column":2}}},"fnMap":{"0":{"name":"(anonymous_0)","decl":{"start":{"line":23,"column":19},"end":{"line":23,"column":20}},"loc":{"start":{"line":23,"column":25},"end":{"line":28,"column":1}},"line":23},"1":{"name":"(anonymous_1)","decl":{"start":{"line":27,"column":106},"end":{"line":27,"column":107}},"loc":{"start":{"line":27,"column":120},"end":{"line":27,"column":132}},"line":27},"2":{"name":"(anonymous_2)","decl":{"start":{"line":30,"column":16},"end":{"line":30,"column":17}},"loc":{"start":{"line":30,"column":22},"end":{"line":40,"column":1}},"line":30},"3":{"name":"(anonymous_3)","decl":{"start":{"line":31,"column":21},"end":{"line":31,"column":22}},"loc":{"start":{"line":31,"column":42},"end":{"line":39,"column":3}},"line":31},"4":{"name":"(anonymous_4)","decl":{"start":{"line":32,"column":20},"end":{"line":32,"column":21}},"loc":{"start":{"line":32,"column":35},"end":{"line":38,"column":5}},"line":32},"5":{"name":"(anonymous_5)","decl":{"start":{"line":42,"column":18},"end":{"line":42,"column":19}},"loc":{"start":{"line":42,"column":26},"end":{"line":53,"column":1}},"line":42},"6":{"name":"(anonymous_6)","decl":{"start":{"line":43,"column":21},"end":{"line":43,"column":22}},"loc":{"start":{"line":43,"column":42},"end":{"line":52,"column":3}},"line":43},"7":{"name":"(anonymous_7)","decl":{"start":{"line":45,"column":18},"end":{"line":45,"column":19}},"loc":{"start":{"line":45,"column":33},"end":{"line":51,"column":5}},"line":45}},"branchMap":{"0":{"loc":{"start":{"line":33,"column":6},"end":{"line":37,"column":7}},"type":"if","locations":[{"start":{"line":33,"column":6},"end":{"line":37,"column":7}},{"start":{"line":33,"column":6},"end":{"line":37,"column":7}}],"line":33},"1":{"loc":{"start":{"line":46,"column":6},"end":{"line":50,"column":7}},"type":"if","locations":[{"start":{"line":46,"column":6},"end":{"line":50,"column":7}},{"start":{"line":46,"column":6},"end":{"line":50,"column":7}}],"line":46}},"s":{"0":1,"1":1,"2":1,"3":1,"4":1,"5":1,"6":1,"7":1,"8":1,"9":0,"10":0,"11":0,"12":0,"13":0,"14":1,"15":1,"16":1,"17":1,"18":0,"19":1,"20":1,"21":1,"22":1,"23":1,"24":1,"25":0,"26":1,"27":1},"f":{"0":0,"1":0,"2":1,"3":1,"4":1,"5":1,"6":1,"7":1},"b":{"0":[0,1],"1":[0,1]},"_coverageSchema":"1a1c01bbd47fc00a2c39e90264f33305004495a9","hash":"74739b1f8f910def5018a8da943d8a247e02baff"}
}
